<?xml version="1.0" encoding="UTF-8"?>
<!-- Generated by org.testng.reporters.JUnitReportReporter -->
<testsuite skipped="0" hostname="Gaurav-PC" name="test.TestClass" tests="1" failures="0" timestamp="24 Apr 2020 09:26:57 GMT" time="42.699" errors="0">
  <testcase name="test" time="42.699" classname="test.TestClass"/>
</testsuite> <!-- test.TestClass -->
