<?xml version="1.0" encoding="UTF-8"?>
<!-- Generated by org.testng.reporters.JUnitReportReporter -->
<testsuite skipped="0" hostname="Gaurav-PC" name="com.Demo1" tests="1" failures="0" timestamp="02 Apr 2020 06:26:35 GMT" time="90.578" errors="0">
  <testcase name="TestCase1" time="90.578" classname="com.Demo1"/>
</testsuite> <!-- com.Demo1 -->
