<?xml version="1.0" encoding="UTF-8"?>
<!-- Generated by org.testng.reporters.JUnitReportReporter -->
<testsuite skipped="0" hostname="Gaurav-PC" name="doubleClick.DoubleClickDemo" tests="1" failures="0" timestamp="21 Apr 2020 09:47:55 GMT" time="9.125" errors="0">
  <testcase name="doubleClick" time="9.125" classname="doubleClick.DoubleClickDemo"/>
</testsuite> <!-- doubleClick.DoubleClickDemo -->
