<?xml version="1.0" encoding="UTF-8"?>
<!-- Generated by org.testng.reporters.JUnitReportReporter -->
<testsuite skipped="0" hostname="Gaurav-PC" name="windowHandle.WindowHandling" tests="1" failures="0" timestamp="19 Apr 2020 12:33:43 GMT" time="39.621" errors="0">
  <testcase name="handleWindow" time="39.621" classname="windowHandle.WindowHandling"/>
</testsuite> <!-- windowHandle.WindowHandling -->
